<?xml version="1.0" encoding="UTF-8" standalone="yes"?><!DOCTYPE report PUBLIC "-//JACOCO//DTD Report 1.1//EN" "report.dtd"><report name="StringPalindrome"><sessioninfo id="markfirmware-HP-Pavilion-Notebook-15-bc5xxx-4062da04" start="1614675824630" dump="1614675824873"/><sessioninfo id="markfirmware-HP-Pavilion-Notebook-15-bc5xxx-a450b66f" start="1614676141653" dump="1614676141901"/><sessioninfo id="markfirmware-HP-Pavilion-Notebook-15-bc5xxx-a9328604" start="1614676171145" dump="1614676171378"/><package name="com/javatechie/StringPalindrome"><class name="com/javatechie/StringPalindrome/App" sourcefilename="App.java"><method name="&lt;init&gt;" desc="()V" line="3"><counter type="INSTRUCTION" missed="0" covered="3"/><counter type="LINE" missed="0" covered="1"/><counter type="COMPLEXITY" missed="0" covered="1"/><counter type="METHOD" missed="0" covered="1"/></method><method name="check_palindrome" desc="(Ljava/lang/String;)Z" line="6"><counter type="INSTRUCTION" missed="4" covered="61"/><counter type="BRANCH" missed="6" covered="8"/><counter type="LINE" missed="1" covered="9"/><counter type="COMPLEXITY" missed="6" covered="2"/><counter type="METHOD" missed="0" covered="1"/></method><counter type="INSTRUCTION" missed="4" covered="64"/><counter type="BRANCH" missed="6" covered="8"/><counter type="LINE" missed="1" covered="10"/><counter type="COMPLEXITY" missed="6" covered="3"/><counter type="METHOD" missed="0" covered="2"/><counter type="CLASS" missed="0" covered="1"/></class><sourcefile name="App.java"><line nr="3" mi="0" ci="3" mb="0" cb="0"/><line nr="6" mi="0" ci="2" mb="1" cb="1"/><line nr="8" mi="2" ci="0" mb="0" cb="0"/><line nr="10" mi="0" ci="3" mb="0" cb="0"/><line nr="11" mi="0" ci="2" mb="0" cb="0"/><line nr="12" mi="0" ci="4" mb="0" cb="0"/><line nr="13" mi="0" ci="2" mb="0" cb="0"/><line nr="14" mi="0" ci="14" mb="1" cb="3"/><line nr="16" mi="1" ci="16" mb="2" cb="2"/><line nr="17" mi="0" ci="2" mb="0" cb="0"/><line nr="19" mi="1" ci="16" mb="2" cb="2"/><counter type="INSTRUCTION" missed="4" covered="64"/><counter type="BRANCH" missed="6" covered="8"/><counter type="LINE" missed="1" covered="10"/><counter type="COMPLEXITY" missed="6" covered="3"/><counter type="METHOD" missed="0" covered="2"/><counter type="CLASS" missed="0" covered="1"/></sourcefile><counter type="INSTRUCTION" missed="4" covered="64"/><counter type="BRANCH" missed="6" covered="8"/><counter type="LINE" missed="1" covered="10"/><counter type="COMPLEXITY" missed="6" covered="3"/><counter type="METHOD" missed="0" covered="2"/><counter type="CLASS" missed="0" covered="1"/></package><counter type="INSTRUCTION" missed="4" covered="64"/><counter type="BRANCH" missed="6" covered="8"/><counter type="LINE" missed="1" covered="10"/><counter type="COMPLEXITY" missed="6" covered="3"/><counter type="METHOD" missed="0" covered="2"/><counter type="CLASS" missed="0" covered="1"/></report>